composeApp/build/intermediates/manifest_merge_blame_file/fullDebug/processFullDebugMainManifest/manifest-merger-blame-full-debug-report.txt
1<?xml version="1.0" encoding="utf-8"?>
2<manifest xmlns:android="http://schemas.android.com/apk/res/android"
3    package="com.nuvio.app"
4    android:versionCode="77"
5    android:versionName="0.2.5" >
6
7    <uses-sdk
8        android:minSdkVersion="24"
9        android:targetSdkVersion="36" />
10
11    <uses-permission android:name="android.permission.REQUEST_INSTALL_PACKAGES" />
11-->src/androidFull/AndroidManifest.xml:4:5-83
11-->src/androidFull/AndroidManifest.xml:4:22-80
12    <uses-permission android:name="android.permission.INTERNET" />
12-->src/androidMain/AndroidManifest.xml:4:5-67
12-->src/androidMain/AndroidManifest.xml:4:22-64
13    <uses-permission android:name="android.permission.ACCESS_NETWORK_STATE" />
13-->src/androidMain/AndroidManifest.xml:5:5-79
13-->src/androidMain/AndroidManifest.xml:5:22-76
14    <uses-permission android:name="android.permission.ACCESS_WIFI_STATE" />
14-->src/androidMain/AndroidManifest.xml:6:5-76
14-->src/androidMain/AndroidManifest.xml:6:22-73
15    <uses-permission android:name="android.permission.POST_NOTIFICATIONS" />
15-->src/androidMain/AndroidManifest.xml:7:5-77
15-->src/androidMain/AndroidManifest.xml:7:22-74
16    <uses-permission android:name="android.permission.WAKE_LOCK" />
16-->[androidx.work:work-runtime:2.10.3] AndroidManifest.xml:23:5-68
16-->[androidx.work:work-runtime:2.10.3] AndroidManifest.xml:23:22-65
17    <uses-permission android:name="android.permission.RECEIVE_BOOT_COMPLETED" />
17-->[androidx.work:work-runtime:2.10.3] AndroidManifest.xml:25:5-81
17-->[androidx.work:work-runtime:2.10.3] AndroidManifest.xml:25:22-78
18    <uses-permission android:name="android.permission.FOREGROUND_SERVICE" />
18-->[androidx.work:work-runtime:2.10.3] AndroidManifest.xml:26:5-77
18-->[androidx.work:work-runtime:2.10.3] AndroidManifest.xml:26:22-74
19
20    <permission
20-->[androidx.core:core:1.16.0] AndroidManifest.xml:22:5-24:47
21        android:name="com.nuvio.app.DYNAMIC_RECEIVER_NOT_EXPORTED_PERMISSION"
21-->[androidx.core:core:1.16.0] AndroidManifest.xml:23:9-81
22        android:protectionLevel="signature" />
22-->[androidx.core:core:1.16.0] AndroidManifest.xml:24:9-44
23
24    <uses-permission android:name="com.nuvio.app.DYNAMIC_RECEIVER_NOT_EXPORTED_PERMISSION" />
24-->[androidx.core:core:1.16.0] AndroidManifest.xml:26:5-97
24-->[androidx.core:core:1.16.0] AndroidManifest.xml:26:22-94
25
26    <application
26-->src/androidMain/AndroidManifest.xml:9:5-55:19
27        android:allowBackup="true"
27-->src/androidMain/AndroidManifest.xml:10:9-35
28        android:appComponentFactory="androidx.core.app.CoreComponentFactory"
28-->[androidx.core:core:1.16.0] AndroidManifest.xml:28:18-86
29        android:debuggable="true"
30        android:extractNativeLibs="true"
31        android:icon="@mipmap/ic_launcher"
31-->src/androidMain/AndroidManifest.xml:11:9-43
32        android:label="@string/app_name"
32-->src/androidMain/AndroidManifest.xml:12:9-41
33        android:localeConfig="@xml/locale_config"
33-->src/androidMain/AndroidManifest.xml:15:9-50
34        android:roundIcon="@mipmap/ic_launcher_round"
34-->src/androidMain/AndroidManifest.xml:14:9-54
35        android:supportsRtl="true"
35-->src/androidMain/AndroidManifest.xml:16:9-35
36        android:theme="@style/Theme.Nuvio"
36-->src/androidMain/AndroidManifest.xml:17:9-43
37        android:usesCleartextTraffic="true" >
37-->src/androidMain/AndroidManifest.xml:13:9-44
38        <activity
38-->src/androidMain/AndroidManifest.xml:18:9-40:20
39            android:name="com.nuvio.app.MainActivity"
39-->src/androidMain/AndroidManifest.xml:20:13-41
40            android:configChanges="screenSize|smallestScreenSize|screenLayout|orientation"
40-->src/androidMain/AndroidManifest.xml:21:13-91
41            android:exported="true"
41-->src/androidMain/AndroidManifest.xml:19:13-36
42            android:supportsPictureInPicture="true"
42-->src/androidMain/AndroidManifest.xml:22:13-52
43            android:theme="@style/Theme.Nuvio.Splash" >
43-->src/androidMain/AndroidManifest.xml:23:13-54
44            <intent-filter>
44-->src/androidMain/AndroidManifest.xml:24:13-28:29
45                <action android:name="android.intent.action.MAIN" />
45-->src/androidMain/AndroidManifest.xml:25:17-69
45-->src/androidMain/AndroidManifest.xml:25:25-66
46
47                <category android:name="android.intent.category.LAUNCHER" />
47-->src/androidMain/AndroidManifest.xml:27:17-77
47-->src/androidMain/AndroidManifest.xml:27:27-74
48            </intent-filter>
49            <intent-filter>
49-->src/androidMain/AndroidManifest.xml:29:13-39:29
50                <action android:name="android.intent.action.VIEW" />
50-->src/androidMain/AndroidManifest.xml:30:17-69
50-->src/androidMain/AndroidManifest.xml:30:25-66
51
52                <category android:name="android.intent.category.DEFAULT" />
52-->src/androidMain/AndroidManifest.xml:32:17-76
52-->src/androidMain/AndroidManifest.xml:32:27-73
53                <category android:name="android.intent.category.BROWSABLE" />
53-->src/androidMain/AndroidManifest.xml:33:17-78
53-->src/androidMain/AndroidManifest.xml:33:27-75
54
55                <data
55-->src/androidMain/AndroidManifest.xml:35:17-38:45
56                    android:host="auth"
56-->src/androidMain/AndroidManifest.xml:37:21-40
57                    android:path="/trakt"
57-->src/androidMain/AndroidManifest.xml:38:21-42
58                    android:scheme="nuvio" />
58-->src/androidMain/AndroidManifest.xml:36:21-43
59            </intent-filter>
60        </activity>
61
62        <receiver
62-->src/androidMain/AndroidManifest.xml:42:9-44:40
63            android:name="com.nuvio.app.features.downloads.DownloadsNotificationActionReceiver"
63-->src/androidMain/AndroidManifest.xml:43:13-83
64            android:exported="false" />
64-->src/androidMain/AndroidManifest.xml:44:13-37
65
66        <provider
67            android:name="androidx.core.content.FileProvider"
68            android:authorities="com.nuvio.app.fileprovider"
69            android:exported="false"
70            android:grantUriPermissions="true" >
71            <meta-data
72                android:name="android.support.FILE_PROVIDER_PATHS"
73                android:resource="@xml/nuvio_file_paths" />
74        </provider>
75        <provider
75-->[io.github.jan-tennert.supabase:auth-kt-android:3.4.1] AndroidManifest.xml:9:9-17:20
76            android:name="androidx.startup.InitializationProvider"
76-->[io.github.jan-tennert.supabase:auth-kt-android:3.4.1] AndroidManifest.xml:10:13-67
77            android:authorities="com.nuvio.app.androidx-startup"
77-->[io.github.jan-tennert.supabase:auth-kt-android:3.4.1] AndroidManifest.xml:11:13-68
78            android:exported="false" >
78-->[io.github.jan-tennert.supabase:auth-kt-android:3.4.1] AndroidManifest.xml:12:13-37
79            <meta-data
79-->[io.github.jan-tennert.supabase:auth-kt-android:3.4.1] AndroidManifest.xml:14:13-16:52
80                android:name="io.github.jan.supabase.auth.SupabaseInitializer"
80-->[io.github.jan-tennert.supabase:auth-kt-android:3.4.1] AndroidManifest.xml:15:17-79
81                android:value="androidx.startup" />
81-->[io.github.jan-tennert.supabase:auth-kt-android:3.4.1] AndroidManifest.xml:16:17-49
82            <meta-data
82-->[androidx.work:work-runtime:2.10.3] AndroidManifest.xml:34:13-36:52
83                android:name="androidx.work.WorkManagerInitializer"
83-->[androidx.work:work-runtime:2.10.3] AndroidManifest.xml:35:17-68
84                android:value="androidx.startup" />
84-->[androidx.work:work-runtime:2.10.3] AndroidManifest.xml:36:17-49
85            <meta-data
85-->[androidx.emoji2:emoji2:1.4.0] AndroidManifest.xml:29:13-31:52
86                android:name="androidx.emoji2.text.EmojiCompatInitializer"
86-->[androidx.emoji2:emoji2:1.4.0] AndroidManifest.xml:30:17-75
87                android:value="androidx.startup" />
87-->[androidx.emoji2:emoji2:1.4.0] AndroidManifest.xml:31:17-49
88            <meta-data
88-->[androidx.lifecycle:lifecycle-process:2.11.0-alpha03] AndroidManifest.xml:29:13-31:52
89                android:name="androidx.lifecycle.ProcessLifecycleInitializer"
89-->[androidx.lifecycle:lifecycle-process:2.11.0-alpha03] AndroidManifest.xml:30:17-78
90                android:value="androidx.startup" />
90-->[androidx.lifecycle:lifecycle-process:2.11.0-alpha03] AndroidManifest.xml:31:17-49
91            <meta-data
91-->[com.russhwolf:multiplatform-settings-no-arg-android-debug:1.3.0] AndroidManifest.xml:29:13-31:52
92                android:name="com.russhwolf.settings.SettingsInitializer"
92-->[com.russhwolf:multiplatform-settings-no-arg-android-debug:1.3.0] AndroidManifest.xml:30:17-74
93                android:value="androidx.startup" />
93-->[com.russhwolf:multiplatform-settings-no-arg-android-debug:1.3.0] AndroidManifest.xml:31:17-49
94            <meta-data
94-->[androidx.profileinstaller:profileinstaller:1.4.1] AndroidManifest.xml:29:13-31:52
95                android:name="androidx.profileinstaller.ProfileInstallerInitializer"
95-->[androidx.profileinstaller:profileinstaller:1.4.1] AndroidManifest.xml:30:17-85
96                android:value="androidx.startup" />
96-->[androidx.profileinstaller:profileinstaller:1.4.1] AndroidManifest.xml:31:17-49
97        </provider>
98        <provider
98-->[org.jetbrains.compose.components:components-resources-android:1.11.0-beta03] AndroidManifest.xml:8:9-13:20
99            android:name="org.jetbrains.compose.resources.AndroidContextProvider"
99-->[org.jetbrains.compose.components:components-resources-android:1.11.0-beta03] AndroidManifest.xml:9:13-82
100            android:authorities="com.nuvio.app.resources.AndroidContextProvider"
100-->[org.jetbrains.compose.components:components-resources-android:1.11.0-beta03] AndroidManifest.xml:10:13-84
101            android:enabled="true"
101-->[org.jetbrains.compose.components:components-resources-android:1.11.0-beta03] AndroidManifest.xml:11:13-35
102            android:exported="false" >
102-->[org.jetbrains.compose.components:components-resources-android:1.11.0-beta03] AndroidManifest.xml:12:13-37
103        </provider>
104
105        <activity
105-->[androidx.compose.ui:ui-tooling-android:1.11.0-rc01] AndroidManifest.xml:23:9-25:39
106            android:name="androidx.compose.ui.tooling.PreviewActivity"
106-->[androidx.compose.ui:ui-tooling-android:1.11.0-rc01] AndroidManifest.xml:24:13-71
107            android:exported="true" />
107-->[androidx.compose.ui:ui-tooling-android:1.11.0-rc01] AndroidManifest.xml:25:13-36
108
109        <service
109-->[androidx.work:work-runtime:2.10.3] AndroidManifest.xml:39:9-45:35
110            android:name="androidx.work.impl.background.systemalarm.SystemAlarmService"
110-->[androidx.work:work-runtime:2.10.3] AndroidManifest.xml:40:13-88
111            android:directBootAware="false"
111-->[androidx.work:work-runtime:2.10.3] AndroidManifest.xml:41:13-44
112            android:enabled="@bool/enable_system_alarm_service_default"
112-->[androidx.work:work-runtime:2.10.3] AndroidManifest.xml:42:13-72
113            android:exported="false" />
113-->[androidx.work:work-runtime:2.10.3] AndroidManifest.xml:43:13-37
114        <service
114-->[androidx.work:work-runtime:2.10.3] AndroidManifest.xml:46:9-52:35
115            android:name="androidx.work.impl.background.systemjob.SystemJobService"
115-->[androidx.work:work-runtime:2.10.3] AndroidManifest.xml:47:13-84
116            android:directBootAware="false"
116-->[androidx.work:work-runtime:2.10.3] AndroidManifest.xml:48:13-44
117            android:enabled="@bool/enable_system_job_service_default"
117-->[androidx.work:work-runtime:2.10.3] AndroidManifest.xml:49:13-70
118            android:exported="true"
118-->[androidx.work:work-runtime:2.10.3] AndroidManifest.xml:50:13-36
119            android:permission="android.permission.BIND_JOB_SERVICE" />
119-->[androidx.work:work-runtime:2.10.3] AndroidManifest.xml:51:13-69
120        <service
120-->[androidx.work:work-runtime:2.10.3] AndroidManifest.xml:53:9-59:35
121            android:name="androidx.work.impl.foreground.SystemForegroundService"
121-->[androidx.work:work-runtime:2.10.3] AndroidManifest.xml:54:13-81
122            android:directBootAware="false"
122-->[androidx.work:work-runtime:2.10.3] AndroidManifest.xml:55:13-44
123            android:enabled="@bool/enable_system_foreground_service_default"
123-->[androidx.work:work-runtime:2.10.3] AndroidManifest.xml:56:13-77
124            android:exported="false" />
124-->[androidx.work:work-runtime:2.10.3] AndroidManifest.xml:57:13-37
125
126        <receiver
126-->[androidx.work:work-runtime:2.10.3] AndroidManifest.xml:61:9-66:35
127            android:name="androidx.work.impl.utils.ForceStopRunnable$BroadcastReceiver"
127-->[androidx.work:work-runtime:2.10.3] AndroidManifest.xml:62:13-88
128            android:directBootAware="false"
128-->[androidx.work:work-runtime:2.10.3] AndroidManifest.xml:63:13-44
129            android:enabled="true"
129-->[androidx.work:work-runtime:2.10.3] AndroidManifest.xml:64:13-35
130            android:exported="false" />
130-->[androidx.work:work-runtime:2.10.3] AndroidManifest.xml:65:13-37
131        <receiver
131-->[androidx.work:work-runtime:2.10.3] AndroidManifest.xml:67:9-77:20
132            android:name="androidx.work.impl.background.systemalarm.ConstraintProxy$BatteryChargingProxy"
132-->[androidx.work:work-runtime:2.10.3] AndroidManifest.xml:68:13-106
133            android:directBootAware="false"
133-->[androidx.work:work-runtime:2.10.3] AndroidManifest.xml:69:13-44
134            android:enabled="false"
134-->[androidx.work:work-runtime:2.10.3] AndroidManifest.xml:70:13-36
135            android:exported="false" >
135-->[androidx.work:work-runtime:2.10.3] AndroidManifest.xml:71:13-37
136            <intent-filter>
136-->[androidx.work:work-runtime:2.10.3] AndroidManifest.xml:73:13-76:29
137                <action android:name="android.intent.action.ACTION_POWER_CONNECTED" />
137-->[androidx.work:work-runtime:2.10.3] AndroidManifest.xml:74:17-87
137-->[androidx.work:work-runtime:2.10.3] AndroidManifest.xml:74:25-84
138                <action android:name="android.intent.action.ACTION_POWER_DISCONNECTED" />
138-->[androidx.work:work-runtime:2.10.3] AndroidManifest.xml:75:17-90
138-->[androidx.work:work-runtime:2.10.3] AndroidManifest.xml:75:25-87
139            </intent-filter>
140        </receiver>
141        <receiver
141-->[androidx.work:work-runtime:2.10.3] AndroidManifest.xml:78:9-88:20
142            android:name="androidx.work.impl.background.systemalarm.ConstraintProxy$BatteryNotLowProxy"
142-->[androidx.work:work-runtime:2.10.3] AndroidManifest.xml:79:13-104
143            android:directBootAware="false"
143-->[androidx.work:work-runtime:2.10.3] AndroidManifest.xml:80:13-44
144            android:enabled="false"
144-->[androidx.work:work-runtime:2.10.3] AndroidManifest.xml:81:13-36
145            android:exported="false" >
145-->[androidx.work:work-runtime:2.10.3] AndroidManifest.xml:82:13-37
146            <intent-filter>
146-->[androidx.work:work-runtime:2.10.3] AndroidManifest.xml:84:13-87:29
147                <action android:name="android.intent.action.BATTERY_OKAY" />
147-->[androidx.work:work-runtime:2.10.3] AndroidManifest.xml:85:17-77
147-->[androidx.work:work-runtime:2.10.3] AndroidManifest.xml:85:25-74
148                <action android:name="android.intent.action.BATTERY_LOW" />
148-->[androidx.work:work-runtime:2.10.3] AndroidManifest.xml:86:17-76
148-->[androidx.work:work-runtime:2.10.3] AndroidManifest.xml:86:25-73
149            </intent-filter>
150        </receiver>
151        <receiver
151-->[androidx.work:work-runtime:2.10.3] AndroidManifest.xml:89:9-99:20
152            android:name="androidx.work.impl.background.systemalarm.ConstraintProxy$StorageNotLowProxy"
152-->[androidx.work:work-runtime:2.10.3] AndroidManifest.xml:90:13-104
153            android:directBootAware="false"
153-->[androidx.work:work-runtime:2.10.3] AndroidManifest.xml:91:13-44
154            android:enabled="false"
154-->[androidx.work:work-runtime:2.10.3] AndroidManifest.xml:92:13-36
155            android:exported="false" >
155-->[androidx.work:work-runtime:2.10.3] AndroidManifest.xml:93:13-37
156            <intent-filter>
156-->[androidx.work:work-runtime:2.10.3] AndroidManifest.xml:95:13-98:29
157                <action android:name="android.intent.action.DEVICE_STORAGE_LOW" />
157-->[androidx.work:work-runtime:2.10.3] AndroidManifest.xml:96:17-83
157-->[androidx.work:work-runtime:2.10.3] AndroidManifest.xml:96:25-80
158                <action android:name="android.intent.action.DEVICE_STORAGE_OK" />
158-->[androidx.work:work-runtime:2.10.3] AndroidManifest.xml:97:17-82
158-->[androidx.work:work-runtime:2.10.3] AndroidManifest.xml:97:25-79
159            </intent-filter>
160        </receiver>
161        <receiver
161-->[androidx.work:work-runtime:2.10.3] AndroidManifest.xml:100:9-109:20
162            android:name="androidx.work.impl.background.systemalarm.ConstraintProxy$NetworkStateProxy"
162-->[androidx.work:work-runtime:2.10.3] AndroidManifest.xml:101:13-103
163            android:directBootAware="false"
163-->[androidx.work:work-runtime:2.10.3] AndroidManifest.xml:102:13-44
164            android:enabled="false"
164-->[androidx.work:work-runtime:2.10.3] AndroidManifest.xml:103:13-36
165            android:exported="false" >
165-->[androidx.work:work-runtime:2.10.3] AndroidManifest.xml:104:13-37
166            <intent-filter>
166-->[androidx.work:work-runtime:2.10.3] AndroidManifest.xml:106:13-108:29
167                <action android:name="android.net.conn.CONNECTIVITY_CHANGE" />
167-->[androidx.work:work-runtime:2.10.3] AndroidManifest.xml:107:17-79
167-->[androidx.work:work-runtime:2.10.3] AndroidManifest.xml:107:25-76
168            </intent-filter>
169        </receiver>
170        <receiver
170-->[androidx.work:work-runtime:2.10.3] AndroidManifest.xml:110:9-121:20
171            android:name="androidx.work.impl.background.systemalarm.RescheduleReceiver"
171-->[androidx.work:work-runtime:2.10.3] AndroidManifest.xml:111:13-88
172            android:directBootAware="false"
172-->[androidx.work:work-runtime:2.10.3] AndroidManifest.xml:112:13-44
173            android:enabled="false"
173-->[androidx.work:work-runtime:2.10.3] AndroidManifest.xml:113:13-36
174            android:exported="false" >
174-->[androidx.work:work-runtime:2.10.3] AndroidManifest.xml:114:13-37
175            <intent-filter>
175-->[androidx.work:work-runtime:2.10.3] AndroidManifest.xml:116:13-120:29
176                <action android:name="android.intent.action.BOOT_COMPLETED" />
176-->[androidx.work:work-runtime:2.10.3] AndroidManifest.xml:117:17-79
176-->[androidx.work:work-runtime:2.10.3] AndroidManifest.xml:117:25-76
177                <action android:name="android.intent.action.TIME_SET" />
177-->[androidx.work:work-runtime:2.10.3] AndroidManifest.xml:118:17-73
177-->[androidx.work:work-runtime:2.10.3] AndroidManifest.xml:118:25-70
178                <action android:name="android.intent.action.TIMEZONE_CHANGED" />
178-->[androidx.work:work-runtime:2.10.3] AndroidManifest.xml:119:17-81
178-->[androidx.work:work-runtime:2.10.3] AndroidManifest.xml:119:25-78
179            </intent-filter>
180        </receiver>
181        <receiver
181-->[androidx.work:work-runtime:2.10.3] AndroidManifest.xml:122:9-131:20
182            android:name="androidx.work.impl.background.systemalarm.ConstraintProxyUpdateReceiver"
182-->[androidx.work:work-runtime:2.10.3] AndroidManifest.xml:123:13-99
183            android:directBootAware="false"
183-->[androidx.work:work-runtime:2.10.3] AndroidManifest.xml:124:13-44
184            android:enabled="@bool/enable_system_alarm_service_default"
184-->[androidx.work:work-runtime:2.10.3] AndroidManifest.xml:125:13-72
185            android:exported="false" >
185-->[androidx.work:work-runtime:2.10.3] AndroidManifest.xml:126:13-37
186            <intent-filter>
186-->[androidx.work:work-runtime:2.10.3] AndroidManifest.xml:128:13-130:29
187                <action android:name="androidx.work.impl.background.systemalarm.UpdateProxies" />
187-->[androidx.work:work-runtime:2.10.3] AndroidManifest.xml:129:17-98
187-->[androidx.work:work-runtime:2.10.3] AndroidManifest.xml:129:25-95
188            </intent-filter>
189        </receiver>
190        <receiver
190-->[androidx.work:work-runtime:2.10.3] AndroidManifest.xml:132:9-142:20
191            android:name="androidx.work.impl.diagnostics.DiagnosticsReceiver"
191-->[androidx.work:work-runtime:2.10.3] AndroidManifest.xml:133:13-78
192            android:directBootAware="false"
192-->[androidx.work:work-runtime:2.10.3] AndroidManifest.xml:134:13-44
193            android:enabled="true"
193-->[androidx.work:work-runtime:2.10.3] AndroidManifest.xml:135:13-35
194            android:exported="true"
194-->[androidx.work:work-runtime:2.10.3] AndroidManifest.xml:136:13-36
195            android:permission="android.permission.DUMP" >
195-->[androidx.work:work-runtime:2.10.3] AndroidManifest.xml:137:13-57
196            <intent-filter>
196-->[androidx.work:work-runtime:2.10.3] AndroidManifest.xml:139:13-141:29
197                <action android:name="androidx.work.diagnostics.REQUEST_DIAGNOSTICS" />
197-->[androidx.work:work-runtime:2.10.3] AndroidManifest.xml:140:17-88
197-->[androidx.work:work-runtime:2.10.3] AndroidManifest.xml:140:25-85
198            </intent-filter>
199        </receiver>
200
201        <uses-library
201-->[androidx.window:window:1.5.0] AndroidManifest.xml:23:9-25:40
202            android:name="androidx.window.extensions"
202-->[androidx.window:window:1.5.0] AndroidManifest.xml:24:13-54
203            android:required="false" />
203-->[androidx.window:window:1.5.0] AndroidManifest.xml:25:13-37
204        <uses-library
204-->[androidx.window:window:1.5.0] AndroidManifest.xml:26:9-28:40
205            android:name="androidx.window.sidecar"
205-->[androidx.window:window:1.5.0] AndroidManifest.xml:27:13-51
206            android:required="false" />
206-->[androidx.window:window:1.5.0] AndroidManifest.xml:28:13-37
207
208        <service
208-->[androidx.room:room-runtime:2.6.1] AndroidManifest.xml:24:9-28:63
209            android:name="androidx.room.MultiInstanceInvalidationService"
209-->[androidx.room:room-runtime:2.6.1] AndroidManifest.xml:25:13-74
210            android:directBootAware="true"
210-->[androidx.room:room-runtime:2.6.1] AndroidManifest.xml:26:13-43
211            android:exported="false" />
211-->[androidx.room:room-runtime:2.6.1] AndroidManifest.xml:27:13-37
212
213        <receiver
213-->[androidx.profileinstaller:profileinstaller:1.4.1] AndroidManifest.xml:34:9-52:20
214            android:name="androidx.profileinstaller.ProfileInstallReceiver"
214-->[androidx.profileinstaller:profileinstaller:1.4.1] AndroidManifest.xml:35:13-76
215            android:directBootAware="false"
215-->[androidx.profileinstaller:profileinstaller:1.4.1] AndroidManifest.xml:36:13-44
216            android:enabled="true"
216-->[androidx.profileinstaller:profileinstaller:1.4.1] AndroidManifest.xml:37:13-35
217            android:exported="true"
217-->[androidx.profileinstaller:profileinstaller:1.4.1] AndroidManifest.xml:38:13-36
218            android:permission="android.permission.DUMP" >
218-->[androidx.profileinstaller:profileinstaller:1.4.1] AndroidManifest.xml:39:13-57
219            <intent-filter>
219-->[androidx.profileinstaller:profileinstaller:1.4.1] AndroidManifest.xml:40:13-42:29
220                <action android:name="androidx.profileinstaller.action.INSTALL_PROFILE" />
220-->[androidx.profileinstaller:profileinstaller:1.4.1] AndroidManifest.xml:41:17-91
220-->[androidx.profileinstaller:profileinstaller:1.4.1] AndroidManifest.xml:41:25-88
221            </intent-filter>
222            <intent-filter>
222-->[androidx.profileinstaller:profileinstaller:1.4.1] AndroidManifest.xml:43:13-45:29
223                <action android:name="androidx.profileinstaller.action.SKIP_FILE" />
223-->[androidx.profileinstaller:profileinstaller:1.4.1] AndroidManifest.xml:44:17-85
223-->[androidx.profileinstaller:profileinstaller:1.4.1] AndroidManifest.xml:44:25-82
224            </intent-filter>
225            <intent-filter>
225-->[androidx.profileinstaller:profileinstaller:1.4.1] AndroidManifest.xml:46:13-48:29
226                <action android:name="androidx.profileinstaller.action.SAVE_PROFILE" />
226-->[androidx.profileinstaller:profileinstaller:1.4.1] AndroidManifest.xml:47:17-88
226-->[androidx.profileinstaller:profileinstaller:1.4.1] AndroidManifest.xml:47:25-85
227            </intent-filter>
228            <intent-filter>
228-->[androidx.profileinstaller:profileinstaller:1.4.1] AndroidManifest.xml:49:13-51:29
229                <action android:name="androidx.profileinstaller.action.BENCHMARK_OPERATION" />
229-->[androidx.profileinstaller:profileinstaller:1.4.1] AndroidManifest.xml:50:17-95
229-->[androidx.profileinstaller:profileinstaller:1.4.1] AndroidManifest.xml:50:25-92
230            </intent-filter>
231        </receiver>
232    </application>
233
234</manifest>